[{"line":1,"elements":[{"start_timestamp":"2023-01-25T05:27:04.348Z","before":[{"result":{"duration":9000000,"status":"passed"},"match":{"location":"stepdefination.Hooks.beforeHooks()"}}],"line":3,"name":"Adactin app log in","description":"","id":"adactin-hotel-booking;adactin-app-log-in","after":[{"result":{"duration":1325000000,"status":"passed"},"match":{"location":"stepdefination.Hooks.afterHooks(io.cucumber.java.Scenario)"}}],"type":"scenario","keyword":"Scenario","steps":[{"result":{"duration":10247000000,"status":"passed"},"line":4,"name":"User open the Chrome","match":{"location":"stepdefination.Steps.user_open_the_chrome()"},"keyword":"Given "},{"result":{"duration":9876000000,"status":"passed"},"line":5,"name":"User enter the navigate","match":{"location":"stepdefination.Steps.user_enter_the_navigate()"},"keyword":"And "},{"result":{"duration":528000000,"status":"passed"},"line":6,"name":"User enter the UserName","match":{"location":"stepdefination.Steps.user_enter_the_user_name()"},"keyword":"And "},{"result":{"duration":241000000,"status":"passed"},"line":7,"name":"User enter the PAssword","match":{"location":"stepdefination.Steps.user_enter_the_p_assword()"},"keyword":"And "},{"result":{"duration":2357000000,"status":"passed"},"line":8,"name":"User click the login button","match":{"location":"stepdefination.Steps.user_click_the_login_button()"},"keyword":"When "},{"result":{"duration":2000000,"status":"passed"},"line":9,"name":"Login Successfull","match":{"location":"stepdefination.Steps.login_successfull()"},"keyword":"Then "}]},{"start_timestamp":"2023-01-25T05:27:29.484Z","before":[{"result":{"duration":5000000,"status":"passed"},"match":{"location":"stepdefination.Hooks.beforeHooks()"}}],"line":11,"name":"Hotel search in Adactin","description":"","id":"adactin-hotel-booking;hotel-search-in-adactin","after":[{"result":{"error_message":"org.openqa.selenium.NoSuchSessionException: Session ID is null. Using WebDriver after calling quit()?\nBuild info: version: '4.7.2', revision: '4d4020c3b7'\nSystem info: os.name: 'Windows 10', os.arch: 'amd64', os.version: '10.0', java.version: '1.8.0_341'\nDriver info: org.openqa.selenium.chrome.ChromeDriver\nCommand: [null, screenshot {}]\nCapabilities {acceptInsecureCerts: false, browserName: chrome, browserVersion: 109.0.5414.119, chrome: {chromedriverVersion: 109.0.5414.74 (e7c5703604da..., userDataDir: C:\\Users\\poova\\AppData\\Loca...}, goog:chromeOptions: {debuggerAddress: localhost:61134}, networkConnectionEnabled: false, pageLoadStrategy: normal, platformName: WINDOWS, proxy: Proxy(), se:cdp: ws://localhost:61134/devtoo..., se:cdpVersion: 109.0.5414.119, setWindowRect: true, strictFileInteractability: false, timeouts: {implicit: 0, pageLoad: 300000, script: 30000}, unhandledPromptBehavior: dismiss and notify, webauthn:extension:credBlob: true, webauthn:extension:largeBlob: true, webauthn:virtualAuthenticators: true}\r\n\tat org.openqa.selenium.remote.HttpCommandExecutor.execute(HttpCommandExecutor.java:145)\r\n\tat org.openqa.selenium.remote.service.DriverCommandExecutor.invokeExecute(DriverCommandExecutor.java:167)\r\n\tat org.openqa.selenium.remote.service.DriverCommandExecutor.execute(DriverCommandExecutor.java:142)\r\n\tat org.openqa.selenium.remote.RemoteWebDriver.execute(RemoteWebDriver.java:535)\r\n\tat org.openqa.selenium.remote.RemoteWebDriver.execute(RemoteWebDriver.java:590)\r\n\tat org.openqa.selenium.remote.RemoteWebDriver.execute(RemoteWebDriver.java:594)\r\n\tat org.openqa.selenium.remote.RemoteWebDriver.getScreenshotAs(RemoteWebDriver.java:317)\r\n\tat stepdefination.Hooks.afterHooks(Hooks.java:21)\r\n","duration":7000000,"status":"failed"},"match":{"location":"stepdefination.Hooks.afterHooks(io.cucumber.java.Scenario)"}}],"type":"scenario","keyword":"Scenario","steps":[{"result":{"error_message":"org.openqa.selenium.NoSuchSessionException: Session ID is null. Using WebDriver after calling quit()?\nBuild info: version: '4.7.2', revision: '4d4020c3b7'\nSystem info: os.name: 'Windows 10', os.arch: 'amd64', os.version: '10.0', java.version: '1.8.0_341'\nDriver info: org.openqa.selenium.chrome.ChromeDriver\nCommand: [null, findElement {using=name, value=location}]\nCapabilities {acceptInsecureCerts: false, browserName: chrome, browserVersion: 109.0.5414.119, chrome: {chromedriverVersion: 109.0.5414.74 (e7c5703604da..., userDataDir: C:\\Users\\poova\\AppData\\Loca...}, goog:chromeOptions: {debuggerAddress: localhost:61134}, networkConnectionEnabled: false, pageLoadStrategy: normal, platformName: WINDOWS, proxy: Proxy(), se:cdp: ws://localhost:61134/devtoo..., se:cdpVersion: 109.0.5414.119, setWindowRect: true, strictFileInteractability: false, timeouts: {implicit: 0, pageLoad: 300000, script: 30000}, unhandledPromptBehavior: dismiss and notify, webauthn:extension:credBlob: true, webauthn:extension:largeBlob: true, webauthn:virtualAuthenticators: true}\r\n\tat org.openqa.selenium.remote.HttpCommandExecutor.execute(HttpCommandExecutor.java:145)\r\n\tat org.openqa.selenium.remote.service.DriverCommandExecutor.invokeExecute(DriverCommandExecutor.java:167)\r\n\tat org.openqa.selenium.remote.service.DriverCommandExecutor.execute(DriverCommandExecutor.java:142)\r\n\tat org.openqa.selenium.remote.RemoteWebDriver.execute(RemoteWebDriver.java:535)\r\n\tat org.openqa.selenium.remote.ElementLocation$ElementFinder$2.findElement(ElementLocation.java:162)\r\n\tat org.openqa.selenium.remote.ElementLocation.findElement(ElementLocation.java:66)\r\n\tat org.openqa.selenium.remote.RemoteWebDriver.findElement(RemoteWebDriver.java:351)\r\n\tat org.openqa.selenium.remote.RemoteWebDriver.findElement(RemoteWebDriver.java:343)\r\n\tat org.openqa.selenium.support.pagefactory.DefaultElementLocator.findElement(DefaultElementLocator.java:70)\r\n\tat org.openqa.selenium.support.pagefactory.internal.LocatingElementHandler.invoke(LocatingElementHandler.java:39)\r\n\tat com.sun.proxy.$Proxy23.getTagName(Unknown Source)\r\n\tat org.openqa.selenium.support.ui.Select.<init>(Select.java:46)\r\n\tat com.adactin.Baseclass.Baseclass.SelectDropdown(Baseclass.java:46)\r\n\tat stepdefination.Steps.user_click_the_select_location(Steps.java:50)\r\n\tat ✽.User click the Select location(file:///C:/Users/poova/eclipse-workspace/CucumberTaskss/src/test/java/adactin/feature/adactin.feature:12)\r\n","duration":46000000,"status":"failed"},"line":12,"name":"User click the Select location","match":{"location":"stepdefination.Steps.user_click_the_select_location()"},"keyword":"Given "},{"result":{"duration":1000000,"status":"skipped"},"line":13,"name":"User click the select Hotel","match":{"location":"stepdefination.Steps.user_click_the_select_hotel()"},"keyword":"And "},{"result":{"duration":1000000,"status":"skipped"},"line":14,"name":"User select the Room Type","match":{"location":"stepdefination.Steps.user_select_the_room_type()"},"keyword":"And "},{"result":{"duration":1000000,"status":"skipped"},"line":15,"name":"User select number of rooms","match":{"location":"stepdefination.Steps.user_select_number_of_rooms()"},"keyword":"And "},{"result":{"duration":1000000,"status":"skipped"},"line":16,"name":"User check In date","match":{"location":"stepdefination.Steps.user_check_in_date()"},"keyword":"And "},{"result":{"duration":1000000,"status":"skipped"},"line":17,"name":"User check out date","match":{"location":"stepdefination.Steps.user_check_out_date()"},"keyword":"And "},{"result":{"duration":2000000,"status":"skipped"},"line":18,"name":"Select adults per Room","match":{"location":"stepdefination.Steps.select_adults_per_room()"},"keyword":"And "},{"result":{"duration":1000000,"status":"skipped"},"line":19,"name":"Select Child per Room","match":{"location":"stepdefination.Steps.select_child_per_room()"},"keyword":"And "},{"result":{"duration":2000000,"status":"skipped"},"line":20,"name":"User enter the search button","match":{"location":"stepdefination.Steps.user_enter_the_search_button()"},"keyword":"Then "}]},{"start_timestamp":"2023-01-25T05:27:29.671Z","before":[{"result":{"duration":3000000,"status":"passed"},"match":{"location":"stepdefination.Hooks.beforeHooks()"}}],"line":22,"name":"Confirmation hotel booking","description":"","id":"adactin-hotel-booking;confirmation-hotel-booking","after":[{"result":{"duration":1000000,"status":"passed"},"match":{"location":"stepdefination.Hooks.afterHooks(io.cucumber.java.Scenario)"}}],"type":"scenario","keyword":"Scenario","steps":[{"result":{"duration":14000000,"status":"passed"},"line":23,"name":"User select the Hotel","match":{"location":"stepdefination.Steps.user_select_the_hotel()"},"keyword":"Given "},{"result":{"duration":16000000,"status":"passed"},"line":24,"name":"User click the continue button","match":{"location":"stepdefination.Steps.user_click_the_continue_button()"},"keyword":"Then "}]},{"start_timestamp":"2023-01-25T05:27:29.782Z","before":[{"result":{"duration":2000000,"status":"passed"},"match":{"location":"stepdefination.Hooks.beforeHooks()"}}],"line":26,"name":"User Enter the User details","description":"","id":"adactin-hotel-booking;user-enter-the-user-details","after":[{"result":{"error_message":"org.openqa.selenium.NoSuchSessionException: Session ID is null. Using WebDriver after calling quit()?\nBuild info: version: '4.7.2', revision: '4d4020c3b7'\nSystem info: os.name: 'Windows 10', os.arch: 'amd64', os.version: '10.0', java.version: '1.8.0_341'\nDriver info: org.openqa.selenium.chrome.ChromeDriver\nCommand: [null, screenshot {}]\nCapabilities {acceptInsecureCerts: false, browserName: chrome, browserVersion: 109.0.5414.119, chrome: {chromedriverVersion: 109.0.5414.74 (e7c5703604da..., userDataDir: C:\\Users\\poova\\AppData\\Loca...}, goog:chromeOptions: {debuggerAddress: localhost:61134}, networkConnectionEnabled: false, pageLoadStrategy: normal, platformName: WINDOWS, proxy: Proxy(), se:cdp: ws://localhost:61134/devtoo..., se:cdpVersion: 109.0.5414.119, setWindowRect: true, strictFileInteractability: false, timeouts: {implicit: 0, pageLoad: 300000, script: 30000}, unhandledPromptBehavior: dismiss and notify, webauthn:extension:credBlob: true, webauthn:extension:largeBlob: true, webauthn:virtualAuthenticators: true}\r\n\tat org.openqa.selenium.remote.HttpCommandExecutor.execute(HttpCommandExecutor.java:145)\r\n\tat org.openqa.selenium.remote.service.DriverCommandExecutor.invokeExecute(DriverCommandExecutor.java:167)\r\n\tat org.openqa.selenium.remote.service.DriverCommandExecutor.execute(DriverCommandExecutor.java:142)\r\n\tat org.openqa.selenium.remote.RemoteWebDriver.execute(RemoteWebDriver.java:535)\r\n\tat org.openqa.selenium.remote.RemoteWebDriver.execute(RemoteWebDriver.java:590)\r\n\tat org.openqa.selenium.remote.RemoteWebDriver.execute(RemoteWebDriver.java:594)\r\n\tat org.openqa.selenium.remote.RemoteWebDriver.getScreenshotAs(RemoteWebDriver.java:317)\r\n\tat stepdefination.Hooks.afterHooks(Hooks.java:21)\r\n","duration":5000000,"status":"failed"},"match":{"location":"stepdefination.Hooks.afterHooks(io.cucumber.java.Scenario)"}}],"type":"scenario","keyword":"Scenario","steps":[{"result":{"duration":9000000,"status":"passed"},"line":27,"name":"User Enter the First Name","match":{"location":"stepdefination.Steps.user_enter_the_first_name()"},"keyword":"Given "},{"result":{"duration":3000000,"status":"passed"},"line":28,"name":"User Enter the last Name","match":{"location":"stepdefination.Steps.user_enter_the_last_name()"},"keyword":"And "},{"result":{"duration":48000000,"status":"passed"},"line":29,"name":"User Enter the Address","match":{"location":"stepdefination.Steps.user_enter_the_address()"},"keyword":"And "},{"result":{"duration":8000000,"status":"passed"},"line":30,"name":"User Enter the Credit Number","match":{"location":"stepdefination.Steps.user_enter_the_credit_number()"},"keyword":"And "},{"result":{"error_message":"org.openqa.selenium.NoSuchSessionException: Session ID is null. Using WebDriver after calling quit()?\nBuild info: version: '4.7.2', revision: '4d4020c3b7'\nSystem info: os.name: 'Windows 10', os.arch: 'amd64', os.version: '10.0', java.version: '1.8.0_341'\nDriver info: org.openqa.selenium.chrome.ChromeDriver\nCommand: [null, findElement {using=name, value=cc_type}]\nCapabilities {acceptInsecureCerts: false, browserName: chrome, browserVersion: 109.0.5414.119, chrome: {chromedriverVersion: 109.0.5414.74 (e7c5703604da..., userDataDir: C:\\Users\\poova\\AppData\\Loca...}, goog:chromeOptions: {debuggerAddress: localhost:61134}, networkConnectionEnabled: false, pageLoadStrategy: normal, platformName: WINDOWS, proxy: Proxy(), se:cdp: ws://localhost:61134/devtoo..., se:cdpVersion: 109.0.5414.119, setWindowRect: true, strictFileInteractability: false, timeouts: {implicit: 0, pageLoad: 300000, script: 30000}, unhandledPromptBehavior: dismiss and notify, webauthn:extension:credBlob: true, webauthn:extension:largeBlob: true, webauthn:virtualAuthenticators: true}\r\n\tat org.openqa.selenium.remote.HttpCommandExecutor.execute(HttpCommandExecutor.java:145)\r\n\tat org.openqa.selenium.remote.service.DriverCommandExecutor.invokeExecute(DriverCommandExecutor.java:167)\r\n\tat org.openqa.selenium.remote.service.DriverCommandExecutor.execute(DriverCommandExecutor.java:142)\r\n\tat org.openqa.selenium.remote.RemoteWebDriver.execute(RemoteWebDriver.java:535)\r\n\tat org.openqa.selenium.remote.ElementLocation$ElementFinder$2.findElement(ElementLocation.java:162)\r\n\tat org.openqa.selenium.remote.ElementLocation.findElement(ElementLocation.java:66)\r\n\tat org.openqa.selenium.remote.RemoteWebDriver.findElement(RemoteWebDriver.java:351)\r\n\tat org.openqa.selenium.remote.RemoteWebDriver.findElement(RemoteWebDriver.java:343)\r\n\tat org.openqa.selenium.support.pagefactory.DefaultElementLocator.findElement(DefaultElementLocator.java:70)\r\n\tat org.openqa.selenium.support.pagefactory.internal.LocatingElementHandler.invoke(LocatingElementHandler.java:39)\r\n\tat com.sun.proxy.$Proxy23.getTagName(Unknown Source)\r\n\tat org.openqa.selenium.support.ui.Select.<init>(Select.java:46)\r\n\tat com.adactin.Baseclass.Baseclass.SelectDropdown(Baseclass.java:46)\r\n\tat stepdefination.Steps.user_click_the_credit_card_type(Steps.java:128)\r\n\tat ✽.User click the credit Card type(file:///C:/Users/poova/eclipse-workspace/CucumberTaskss/src/test/java/adactin/feature/adactin.feature:31)\r\n","duration":10000000,"status":"failed"},"line":31,"name":"User click the credit Card type","match":{"location":"stepdefination.Steps.user_click_the_credit_card_type()"},"keyword":"And "},{"result":{"duration":4000000,"status":"skipped"},"line":32,"name":"User Enter the Expiry Month","match":{"location":"stepdefination.Steps.user_enter_the_expiry_month()"},"keyword":"And "},{"result":{"duration":16000000,"status":"skipped"},"line":33,"name":"User Enter the Expiry Year","match":{"location":"stepdefination.Steps.user_enter_the_expiry_year()"},"keyword":"And "},{"result":{"status":"skipped"},"line":34,"name":"User Enter the cvv number","match":{"location":"stepdefination.Steps.user_enter_the_cvv_number()"},"keyword":"And "},{"result":{"duration":1000000,"status":"skipped"},"line":35,"name":"User click the booknow button","match":{"location":"stepdefination.Steps.user_click_the_booknow_button()"},"keyword":"Then "}]}],"name":"Adactin hotel booking","description":"","id":"adactin-hotel-booking","keyword":"Feature","uri":"file:src/test/java/adactin/feature/adactin.feature","tags":[]}]